1>errors in directory e:\ーclavis―\ーprogramming―\ーcc++―\ーproject―\anti_ransomware\antiransomware\antiransomware
1>e:\ーclavis―\ーprogramming―\ーcc++―\ーproject―\anti_ransomware\antiransomware\antiransomware\myscanner.c(271) : error C2220: warning treated as error - no 'object1>link : error LNK1181: cannot open input file 'e:\ーclavis―\ーprogramming―\ーcc++―\ーproject―\anti_ransomware\antiransomware\antiransomware\objfre_win7_amd64\amd64\myscann